# JRE version: Java(TM) SE Runtime Environment (7.0_79-b15) (build 1.7.0_79-b15)
# Java VM: Java HotSpot(TM) 64-Bit Server VM (24.79-b02 mixed mode windows-amd64 compressed oops)
Heap
 PSYoungGen      total 140800K, used 82714K [0x00000000eae80000, 0x00000000f4780000, 0x0000000100000000)
  eden space 132608K, 56% used [0x00000000eae80000,0x00000000ef74a0e8,0x00000000f3000000)
  from space 8192K, 99% used [0x00000000f3a80000,0x00000000f427c9a8,0x00000000f4280000)
  to   space 10752K, 0% used [0x00000000f3000000,0x00000000f3000000,0x00000000f3a80000)
 ParOldGen       total 43008K, used 11887K [0x00000000c0c00000, 0x00000000c3600000, 0x00000000eae80000)
  object space 43008K, 27% used [0x00000000c0c00000,0x00000000c179bfa0,0x00000000c3600000)
 PSPermGen       total 23552K, used 23128K [0x00000000bba00000, 0x00000000bd100000, 0x00000000c0c00000)
  object space 23552K, 98% used [0x00000000bba00000,0x00000000bd0963a8,0x00000000bd100000)
GC Heap History (10 events):
Event: 4.186 GC heap before
{Heap before GC invocations=4 (full 0):
 PSYoungGen      total 19456K, used 19424K [0x00000000eae80000, 0x00000000ed480000, 0x0000000100000000)
  eden space 16896K, 100% used [0x00000000eae80000,0x00000000ebf00000,0x00000000ebf00000)
  from space 2560K, 98% used [0x00000000ebf00000,0x00000000ec178348,0x00000000ec180000)
  to   space 2560K, 0% used [0x00000000ed200000,0x00000000ed200000,0x00000000ed480000)
 ParOldGen       total 43008K, used 2856K [0x00000000c0c00000, 0x00000000c3600000, 0x00000000eae80000)
  object space 43008K, 6% used [0x00000000c0c00000,0x00000000c0eca1b0,0x00000000c3600000)
 PSPermGen       total 21504K, used 7840K [0x00000000bba00000, 0x00000000bcf00000, 0x00000000c0c00000)
  object space 21504K, 36% used [0x00000000bba00000,0x00000000bc1a8268,0x00000000bcf00000)
Event: 4.188 GC heap after
Heap after GC invocations=4 (full 0):
 PSYoungGen      total 36352K, used 2544K [0x00000000eae80000, 0x00000000ed480000, 0x0000000100000000)
  eden space 33792K, 0% used [0x00000000eae80000,0x00000000eae80000,0x00000000ecf80000)
  from space 2560K, 99% used [0x00000000ed200000,0x00000000ed47c358,0x00000000ed480000)
  to   space 2560K, 0% used [0x00000000ecf80000,0x00000000ecf80000,0x00000000ed200000)
 ParOldGen       total 43008K, used 2896K [0x00000000c0c00000, 0x00000000c3600000, 0x00000000eae80000)
  object space 43008K, 6% used [0x00000000c0c00000,0x00000000c0ed42a0,0x00000000c3600000)
 PSPermGen       total 21504K, used 7840K [0x00000000bba00000, 0x00000000bcf00000, 0x00000000c0c00000)
  object space 21504K, 36% used [0x00000000bba00000,0x00000000bc1a8268,0x00000000bcf00000)
}
Event: 4.381 GC heap before
{Heap before GC invocations=5 (full 0):
 PSYoungGen      total 36352K, used 36336K [0x00000000eae80000, 0x00000000ed480000, 0x0000000100000000)
  eden space 33792K, 100% used [0x00000000eae80000,0x00000000ecf80000,0x00000000ecf80000)
  from space 2560K, 99% used [0x00000000ed200000,0x00000000ed47c358,0x00000000ed480000)
  to   space 2560K, 0% used [0x00000000ecf80000,0x00000000ecf80000,0x00000000ed200000)
 ParOldGen       total 43008K, used 2896K [0x00000000c0c00000, 0x00000000c3600000, 0x00000000eae80000)
  object space 43008K, 6% used [0x00000000c0c00000,0x00000000c0ed42a0,0x00000000c3600000)
 PSPermGen       total 21504K, used 7956K [0x00000000bba00000, 0x00000000bcf00000, 0x00000000c0c00000)
  object space 21504K, 37% used [0x00000000bba00000,0x00000000bc1c52e8,0x00000000bcf00000)
Event: 4.390 GC heap after
Heap after GC invocations=5 (full 0):
 PSYoungGen      total 36352K, used 2528K [0x00000000eae80000, 0x00000000ef980000, 0x0000000100000000)
  eden space 33792K, 0% used [0x00000000eae80000,0x00000000eae80000,0x00000000ecf80000)
  from space 2560K, 98% used [0x00000000ecf80000,0x00000000ed1f8010,0x00000000ed200000)
  to   space 4608K, 0% used [0x00000000ef500000,0x00000000ef500000,0x00000000ef980000)
 ParOldGen       total 43008K, used 3041K [0x00000000c0c00000, 0x00000000c3600000, 0x00000000eae80000)
  object space 43008K, 7% used [0x00000000c0c00000,0x00000000c0ef8628,0x00000000c3600000)
 PSPermGen       total 21504K, used 7956K [0x00000000bba00000, 0x00000000bcf00000, 0x00000000c0c00000)
  object space 21504K, 37% used [0x00000000bba00000,0x00000000bc1c52e8,0x00000000bcf00000)
}
Event: 7.827 GC heap before
{Heap before GC invocations=6 (full 0):
 PSYoungGen      total 36352K, used 36320K [0x00000000eae80000, 0x00000000ef980000, 0x0000000100000000)
  eden space 33792K, 100% used [0x00000000eae80000,0x00000000ecf80000,0x00000000ecf80000)
  from space 2560K, 98% used [0x00000000ecf80000,0x00000000ed1f8010,0x00000000ed200000)
  to   space 4608K, 0% used [0x00000000ef500000,0x00000000ef500000,0x00000000ef980000)
 ParOldGen       total 43008K, used 3041K [0x00000000c0c00000, 0x00000000c3600000, 0x00000000eae80000)
  object space 43008K, 7% used [0x00000000c0c00000,0x00000000c0ef8628,0x00000000c3600000)
 PSPermGen       total 21504K, used 10032K [0x00000000bba00000, 0x00000000bcf00000, 0x00000000c0c00000)
  object space 21504K, 46% used [0x00000000bba00000,0x00000000bc3cc2f8,0x00000000bcf00000)
Event: 7.833 GC heap after
Heap after GC invocations=6 (full 0):
 PSYoungGen      total 72192K, used 3571K [0x00000000eae80000, 0x00000000ef980000, 0x0000000100000000)
  eden space 67584K, 0% used [0x00000000eae80000,0x00000000eae80000,0x00000000ef080000)
  from space 4608K, 77% used [0x00000000ef500000,0x00000000ef87cfc8,0x00000000ef980000)
  to   space 4608K, 0% used [0x00000000ef080000,0x00000000ef080000,0x00000000ef500000)
 ParOldGen       total 43008K, used 3041K [0x00000000c0c00000, 0x00000000c3600000, 0x00000000eae80000)
  object space 43008K, 7% used [0x00000000c0c00000,0x00000000c0ef8628,0x00000000c3600000)
 PSPermGen       total 21504K, used 10032K [0x00000000bba00000, 0x00000000bcf00000, 0x00000000c0c00000)
  object space 21504K, 46% used [0x00000000bba00000,0x00000000bc3cc2f8,0x00000000bcf00000)
}
Event: 9.628 GC heap before
{Heap before GC invocations=7 (full 0):
 PSYoungGen      total 72192K, used 71155K [0x00000000eae80000, 0x00000000ef980000, 0x0000000100000000)
  eden space 67584K, 100% used [0x00000000eae80000,0x00000000ef080000,0x00000000ef080000)
  from space 4608K, 77% used [0x00000000ef500000,0x00000000ef87cfc8,0x00000000ef980000)
  to   space 4608K, 0% used [0x00000000ef080000,0x00000000ef080000,0x00000000ef500000)
 ParOldGen       total 43008K, used 3041K [0x00000000c0c00000, 0x00000000c3600000, 0x00000000eae80000)
  object space 43008K, 7% used [0x00000000c0c00000,0x00000000c0ef8628,0x00000000c3600000)
 PSPermGen       total 21504K, used 16564K [0x00000000bba00000, 0x00000000bcf00000, 0x00000000c0c00000)
  object space 21504K, 77% used [0x00000000bba00000,0x00000000bca2d210,0x00000000bcf00000)
Event: 9.641 GC heap after
Heap after GC invocations=7 (full 0):
 PSYoungGen      total 72192K, used 4577K [0x00000000eae80000, 0x00000000f4280000, 0x0000000100000000)
  eden space 67584K, 0% used [0x00000000eae80000,0x00000000eae80000,0x00000000ef080000)
  from space 4608K, 99% used [0x00000000ef080000,0x00000000ef4f87c8,0x00000000ef500000)
  to   space 8192K, 0% used [0x00000000f3a80000,0x00000000f3a80000,0x00000000f4280000)
 ParOldGen       total 43008K, used 9421K [0x00000000c0c00000, 0x00000000c3600000, 0x00000000eae80000)
  object space 43008K, 21% used [0x00000000c0c00000,0x00000000c1533598,0x00000000c3600000)
 PSPermGen       total 21504K, used 16564K [0x00000000bba00000, 0x00000000bcf00000, 0x00000000c0c00000)
  object space 21504K, 77% used [0x00000000bba00000,0x00000000bca2d210,0x00000000bcf00000)
}
Event: 15.651 GC heap before
{Heap before GC invocations=8 (full 0):
 PSYoungGen      total 72192K, used 72161K [0x00000000eae80000, 0x00000000f4280000, 0x0000000100000000)
  eden space 67584K, 100% used [0x00000000eae80000,0x00000000ef080000,0x00000000ef080000)
  from space 4608K, 99% used [0x00000000ef080000,0x00000000ef4f87c8,0x00000000ef500000)
  to   space 8192K, 0% used [0x00000000f3a80000,0x00000000f3a80000,0x00000000f4280000)
 ParOldGen       total 43008K, used 9421K [0x00000000c0c00000, 0x00000000c3600000, 0x00000000eae80000)
  object space 43008K, 21% used [0x00000000c0c00000,0x00000000c1533598,0x00000000c3600000)
 PSPermGen       total 22528K, used 22106K [0x00000000bba00000, 0x00000000bd000000, 0x00000000c0c00000)
  object space 22528K, 98% used [0x00000000bba00000,0x00000000bcf96970,0x00000000bd000000)
Event: 15.667 GC heap after
Heap after GC invocations=8 (full 0):
 PSYoungGen      total 140800K, used 8178K [0x00000000eae80000, 0x00000000f4780000, 0x0000000100000000)
  eden space 132608K, 0% used [0x00000000eae80000,0x00000000eae80000,0x00000000f3000000)
  from space 8192K, 99% used [0x00000000f3a80000,0x00000000f427c9a8,0x00000000f4280000)
  to   space 10752K, 0% used [0x00000000f3000000,0x00000000f3000000,0x00000000f3a80000)
 ParOldGen       total 43008K, used 11887K [0x00000000c0c00000, 0x00000000c3600000, 0x00000000eae80000)
  object space 43008K, 27% used [0x00000000c0c00000,0x00000000c179bfa0,0x00000000c3600000)
 PSPermGen       total 22528K, used 22106K [0x00000000bba00000, 0x00000000bd000000, 0x00000000c0c00000)
  object space 22528K, 98% used [0x00000000bba00000,0x00000000bcf96970,0x00000000bd000000)
}

