<?xml version="1.0" encoding="UTF-8"?>
<!-- Generated by org.testng.reporters.JUnitXMLReporter -->
<testsuite hostname="keveen-PC" name="FirefoxTest" tests="1" failures="0" timestamp="30 Dec 2015 14:15:14 GMT" time="46.83" errors="0">
  <testcase name="@BeforeMethod beforeMethod" time="0.0" classname="Framework.TC_PageObject">
    <failure type="org.openqa.selenium.WebDriverException" message="Failed to connect to binary FirefoxBinary(C:\Program Files (x86)\Mozilla Firefox\firefox.exe) on port 7055; process output follows: 
ctCompatibility&amp;quot;:false,&amp;quot;locales&amp;quot;:[],&amp;quot;targetApplications&amp;quot;:[{&amp;quot;id&amp;quot;:&amp;quot;{ec8030f7-c20a-464f-9b0e-13a3a9e97384}&amp;quot;,&amp;quot;minVersion&amp;quot;:&amp;quot;3.0&amp;quot;,&amp;quot;maxVersion&amp;quot;:&amp;quot;45.0&amp;quot;}],&amp;quot;targetPlatforms&amp;quot;:[{&amp;quot;os&amp;quot;:&amp;quot;Darwin&amp;quot;,&amp;quot;abi&amp;quot;:null},{&amp;quot;os&amp;quot;:&amp;quot;SunOS&amp;quot;,&amp;quot;abi&amp;quot;:null},{&amp;quot;os&amp;quot;:&amp;quot;FreeBSD&amp;quot;,&amp;quot;abi&amp;quot;:null},{&amp;quot;os&amp;quot;:&amp;quot;OpenBSD&amp;quot;,&amp;quot;abi&amp;quot;:null},{&amp;quot;os&amp;quot;:&amp;quot;WINNT&amp;quot;,&amp;quot;abi&amp;quot;:&amp;quot;x86-msvc&amp;quot;},{&amp;quot;os&amp;quot;:&amp;quot;Linux&amp;quot;,&amp;quot;abi&amp;quot;:null}],&amp;quot;multiprocessCompatible&amp;quot;:false,&amp;quot;signedState&amp;quot;:0}
1451484870384	addons.xpi	DEBUG	getModTime: Recursive scan of fxdriver@googlecode.com
1451484870854	addons.xpi	DEBUG	New add-on {972ce4c6-7e08-4474-a285-3208198ce6fd} installed in app-global
1451484870865	DeferredSave.extensions.json	DEBUG	Starting timer
1451484870868	addons.xpi-utils	DEBUG	Make addon app-global:{972ce4c6-7e08-4474-a285-3208198ce6fd} visible
1451484870868	DeferredSave.extensions.json	DEBUG	Save changes
1451484870868	DeferredSave.extensions.json	DEBUG	Save changes
1451484870869	addons.xpi	DEBUG	Updating XPIState for {&amp;quot;id&amp;quot;:&amp;quot;{972ce4c6-7e08-4474-a285-3208198ce6fd}&amp;quot;,&amp;quot;syncGUID&amp;quot;:&amp;quot;6w32bGINTuzZ&amp;quot;,&amp;quot;location&amp;quot;:&amp;quot;app-global&amp;quot;,&amp;quot;version&amp;quot;:&amp;quot;42.0&amp;quot;,&amp;quot;type&amp;quot;:&amp;quot;theme&amp;quot;,&amp;quot;internalName&amp;quot;:&amp;quot;classic/1.0&amp;quot;,&amp;quot;updateURL&amp;quot;:null,&amp;quot;updateKey&amp;quot;:null,&amp;quot;optionsURL&amp;quot;:null,&amp;quot;optionsType&amp;quot;:null,&amp;quot;aboutURL&amp;quot;:null,&amp;quot;iconURL&amp;quot;:null,&amp;quot;icon64URL&amp;quot;:null,&amp;quot;defaultLocale&amp;quot;:{&amp;quot;name&amp;quot;:&amp;quot;Default&amp;quot;,&amp;quot;description&amp;quot;:&amp;quot;The default theme.&amp;quot;,&amp;quot;creator&amp;quot;:&amp;quot;Mozilla&amp;quot;,&amp;quot;homepageURL&amp;quot;:null,&amp;quot;contributors&amp;quot;:[&amp;quot;Mozilla Contributors&amp;quot;]},&amp;quot;visible&amp;quot;:true,&amp;quot;active&amp;quot;:true,&amp;quot;userDisabled&amp;quot;:false,&amp;quot;appDisabled&amp;quot;:false,&amp;quot;descriptor&amp;quot;:&amp;quot;C:\\Program Files (x86)\\Mozilla Firefox\\browser\\extensions\\{972ce4c6-7e08-4474-a285-3208198ce6fd}&amp;quot;,&amp;quot;installDate&amp;quot;:1448367177991,&amp;quot;updateDate&amp;quot;:1448367177991,&amp;quot;applyBackgroundUpdates&amp;quot;:1,&amp;quot;skinnable&amp;quot;:true,&amp;quot;size&amp;quot;:24301,&amp;quot;sourceURI&amp;quot;:null,&amp;quot;releaseNotesURI&amp;quot;:null,&amp;quot;softDisabled&amp;quot;:false,&amp;quot;foreignInstall&amp;quot;:false,&amp;quot;hasBinaryComponents&amp;quot;:false,&amp;quot;strictCompatibility&amp;quot;:true,&amp;quot;locales&amp;quot;:[],&amp;quot;targetApplications&amp;quot;:[{&amp;quot;id&amp;quot;:&amp;quot;{ec8030f7-c20a-464f-9b0e-13a3a9e97384}&amp;quot;,&amp;quot;minVersion&amp;quot;:&amp;quot;42.0&amp;quot;,&amp;quot;maxVersion&amp;quot;:&amp;quot;42.0&amp;quot;}],&amp;quot;targetPlatforms&amp;quot;:[]}
1451484870869	addons.xpi	DEBUG	getModTime: Recursive scan of {972ce4c6-7e08-4474-a285-3208198ce6fd}
1451484870873	addons.xpi	DEBUG	Updating database with changes to installed add-ons
1451484870873	addons.xpi-utils	DEBUG	Updating add-on states
1451484870875	addons.xpi-utils	DEBUG	Writing add-ons list
1451484870903	addons.manager	DEBUG	Registering shutdown blocker for XPIProvider
1451484870904	addons.manager	DEBUG	Provider finished startup: XPIProvider
1451484870904	addons.manager	DEBUG	Starting provider: LightweightThemeManager
1451484870905	addons.manager	DEBUG	Registering shutdown blocker for LightweightThemeManager
1451484870905	addons.manager	DEBUG	Provider finished startup: LightweightThemeManager
1451484870907	addons.manager	DEBUG	Starting provider: GMPProvider
1451484870923	addons.manager	DEBUG	Registering shutdown blocker for GMPProvider
1451484870924	addons.manager	DEBUG	Provider finished startup: GMPProvider
1451484870924	addons.manager	DEBUG	Starting provider: PluginProvider
1451484870924	addons.manager	DEBUG	Registering shutdown blocker for PluginProvider
1451484870925	addons.manager	DEBUG	Provider finished startup: PluginProvider
1451484870926	addons.manager	DEBUG	Completed startup sequence
1451484873361	addons.manager	DEBUG	Starting provider: &amp;lt;unnamed-provider&amp;gt;
1451484873361	addons.manager	DEBUG	Registering shutdown blocker for &amp;lt;unnamed-provider&amp;gt;
1451484873361	addons.manager	DEBUG	Provider finished startup: &amp;lt;unnamed-provider&amp;gt;
1451484875530	DeferredSave.extensions.json	DEBUG	Starting write
1451484875810	addons.repository	DEBUG	No addons.json found.
1451484875811	DeferredSave.addons.json	DEBUG	Save changes
1451484875813	DeferredSave.addons.json	DEBUG	Starting timer
1451484875827	addons.manager	DEBUG	Starting provider: PreviousExperimentProvider
1451484875827	addons.manager	DEBUG	Registering shutdown blocker for PreviousExperimentProvider
1451484875827	addons.manager	DEBUG	Provider finished startup: PreviousExperimentProvider
1451484875830	DeferredSave.extensions.json	DEBUG	Write succeeded
1451484875830	addons.xpi-utils	DEBUG	XPI Database saved, setting schema version preference to 17

Build info: version: &amp;apos;2.48.2&amp;apos;, revision: &amp;apos;41bccdd10cf2c0560f637404c2d96164b67d9d67&amp;apos;, time: &amp;apos;2015-10-09 13:08:06&amp;apos;
System info: host: &amp;apos;keveen-PC&amp;apos;, ip: &amp;apos;192.168.1.11&amp;apos;, os.name: &amp;apos;Windows 7&amp;apos;, os.arch: &amp;apos;amd64&amp;apos;, os.version: &amp;apos;6.1&amp;apos;, java.version: &amp;apos;1.7.0_79&amp;apos;
Driver info: driver.version: FirefoxDriver">
      <![CDATA[org.openqa.selenium.WebDriverException: Failed to connect to binary FirefoxBinary(C:\Program Files (x86)\Mozilla Firefox\firefox.exe) on port 7055; process output follows: 
ctCompatibility":false,"locales":[],"targetApplications":[{"id":"{ec8030f7-c20a-464f-9b0e-13a3a9e97384}","minVersion":"3.0","maxVersion":"45.0"}],"targetPlatforms":[{"os":"Darwin","abi":null},{"os":"SunOS","abi":null},{"os":"FreeBSD","abi":null},{"os":"OpenBSD","abi":null},{"os":"WINNT","abi":"x86-msvc"},{"os":"Linux","abi":null}],"multiprocessCompatible":false,"signedState":0}
1451484870384	addons.xpi	DEBUG	getModTime: Recursive scan of fxdriver@googlecode.com
1451484870854	addons.xpi	DEBUG	New add-on {972ce4c6-7e08-4474-a285-3208198ce6fd} installed in app-global
1451484870865	DeferredSave.extensions.json	DEBUG	Starting timer
1451484870868	addons.xpi-utils	DEBUG	Make addon app-global:{972ce4c6-7e08-4474-a285-3208198ce6fd} visible
1451484870868	DeferredSave.extensions.json	DEBUG	Save changes
1451484870868	DeferredSave.extensions.json	DEBUG	Save changes
1451484870869	addons.xpi	DEBUG	Updating XPIState for {"id":"{972ce4c6-7e08-4474-a285-3208198ce6fd}","syncGUID":"6w32bGINTuzZ","location":"app-global","version":"42.0","type":"theme","internalName":"classic/1.0","updateURL":null,"updateKey":null,"optionsURL":null,"optionsType":null,"aboutURL":null,"iconURL":null,"icon64URL":null,"defaultLocale":{"name":"Default","description":"The default theme.","creator":"Mozilla","homepageURL":null,"contributors":["Mozilla Contributors"]},"visible":true,"active":true,"userDisabled":false,"appDisabled":false,"descriptor":"C:\\Program Files (x86)\\Mozilla Firefox\\browser\\extensions\\{972ce4c6-7e08-4474-a285-3208198ce6fd}","installDate":1448367177991,"updateDate":1448367177991,"applyBackgroundUpdates":1,"skinnable":true,"size":24301,"sourceURI":null,"releaseNotesURI":null,"softDisabled":false,"foreignInstall":false,"hasBinaryComponents":false,"strictCompatibility":true,"locales":[],"targetApplications":[{"id":"{ec8030f7-c20a-464f-9b0e-13a3a9e97384}","minVersion":"42.0","maxVersion":"42.0"}],"targetPlatforms":[]}
1451484870869	addons.xpi	DEBUG	getModTime: Recursive scan of {972ce4c6-7e08-4474-a285-3208198ce6fd}
1451484870873	addons.xpi	DEBUG	Updating database with changes to installed add-ons
1451484870873	addons.xpi-utils	DEBUG	Updating add-on states
1451484870875	addons.xpi-utils	DEBUG	Writing add-ons list
1451484870903	addons.manager	DEBUG	Registering shutdown blocker for XPIProvider
1451484870904	addons.manager	DEBUG	Provider finished startup: XPIProvider
1451484870904	addons.manager	DEBUG	Starting provider: LightweightThemeManager
1451484870905	addons.manager	DEBUG	Registering shutdown blocker for LightweightThemeManager
1451484870905	addons.manager	DEBUG	Provider finished startup: LightweightThemeManager
1451484870907	addons.manager	DEBUG	Starting provider: GMPProvider
1451484870923	addons.manager	DEBUG	Registering shutdown blocker for GMPProvider
1451484870924	addons.manager	DEBUG	Provider finished startup: GMPProvider
1451484870924	addons.manager	DEBUG	Starting provider: PluginProvider
1451484870924	addons.manager	DEBUG	Registering shutdown blocker for PluginProvider
1451484870925	addons.manager	DEBUG	Provider finished startup: PluginProvider
1451484870926	addons.manager	DEBUG	Completed startup sequence
1451484873361	addons.manager	DEBUG	Starting provider: <unnamed-provider>
1451484873361	addons.manager	DEBUG	Registering shutdown blocker for <unnamed-provider>
1451484873361	addons.manager	DEBUG	Provider finished startup: <unnamed-provider>
1451484875530	DeferredSave.extensions.json	DEBUG	Starting write
1451484875810	addons.repository	DEBUG	No addons.json found.
1451484875811	DeferredSave.addons.json	DEBUG	Save changes
1451484875813	DeferredSave.addons.json	DEBUG	Starting timer
1451484875827	addons.manager	DEBUG	Starting provider: PreviousExperimentProvider
1451484875827	addons.manager	DEBUG	Registering shutdown blocker for PreviousExperimentProvider
1451484875827	addons.manager	DEBUG	Provider finished startup: PreviousExperimentProvider
1451484875830	DeferredSave.extensions.json	DEBUG	Write succeeded
1451484875830	addons.xpi-utils	DEBUG	XPI Database saved, setting schema version preference to 17

Build info: version: '2.48.2', revision: '41bccdd10cf2c0560f637404c2d96164b67d9d67', time: '2015-10-09 13:08:06'
System info: host: 'keveen-PC', ip: '192.168.1.11', os.name: 'Windows 7', os.arch: 'amd64', os.version: '6.1', java.version: '1.7.0_79'
Driver info: driver.version: FirefoxDriver
	at org.openqa.selenium.firefox.internal.NewProfileExtensionConnection.start(NewProfileExtensionConnection.java:135)
	at org.openqa.selenium.firefox.FirefoxDriver.startClient(FirefoxDriver.java:271)
	at org.openqa.selenium.remote.RemoteWebDriver.<init>(RemoteWebDriver.java:117)
	at org.openqa.selenium.firefox.FirefoxDriver.<init>(FirefoxDriver.java:216)
	at org.openqa.selenium.firefox.FirefoxDriver.<init>(FirefoxDriver.java:211)
	at org.openqa.selenium.firefox.FirefoxDriver.<init>(FirefoxDriver.java:207)
	at org.openqa.selenium.firefox.FirefoxDriver.<init>(FirefoxDriver.java:120)
	at Framework.TC_PageObject.beforeMethod(TC_PageObject.java:47)
Caused by: org.openqa.selenium.firefox.NotConnectedException: Unable to connect to host 127.0.0.1 on port 7055 after 45000 ms. Firefox console output:
ctCompatibility":false,"locales":[],"targetApplications":[{"id":"{ec8030f7-c20a-464f-9b0e-13a3a9e97384}","minVersion":"3.0","maxVersion":"45.0"}],"targetPlatforms":[{"os":"Darwin","abi":null},{"os":"SunOS","abi":null},{"os":"FreeBSD","abi":null},{"os":"OpenBSD","abi":null},{"os":"WINNT","abi":"x86-msvc"},{"os":"Linux","abi":null}],"multiprocessCompatible":false,"signedState":0}
1451484870384	addons.xpi	DEBUG	getModTime: Recursive scan of fxdriver@googlecode.com
1451484870854	addons.xpi	DEBUG	New add-on {972ce4c6-7e08-4474-a285-3208198ce6fd} installed in app-global
1451484870865	DeferredSave.extensions.json	DEBUG	Starting timer
1451484870868	addons.xpi-utils	DEBUG	Make addon app-global:{972ce4c6-7e08-4474-a285-3208198ce6fd} visible
1451484870868	DeferredSave.extensions.json	DEBUG	Save changes
1451484870868	DeferredSave.extensions.json	DEBUG	Save changes
1451484870869	addons.xpi	DEBUG	Updating XPIState for {"id":"{972ce4c6-7e08-4474-a285-3208198ce6fd}","syncGUID":"6w32bGINTuzZ","location":"app-global","version":"42.0","type":"theme","internalName":"classic/1.0","updateURL":null,"updateKey":null,"optionsURL":null,"optionsType":null,"aboutURL":null,"iconURL":null,"icon64URL":null,"defaultLocale":{"name":"Default","description":"The default theme.","creator":"Mozilla","homepageURL":null,"contributors":["Mozilla Contributors"]},"visible":true,"active":true,"userDisabled":false,"appDisabled":false,"descriptor":"C:\\Program Files (x86)\\Mozilla Firefox\\browser\\extensions\\{972ce4c6-7e08-4474-a285-3208198ce6fd}","installDate":1448367177991,"updateDate":1448367177991,"applyBackgroundUpdates":1,"skinnable":true,"size":24301,"sourceURI":null,"releaseNotesURI":null,"softDisabled":false,"foreignInstall":false,"hasBinaryComponents":false,"strictCompatibility":true,"locales":[],"targetApplications":[{"id":"{ec8030f7-c20a-464f-9b0e-13a3a9e97384}","minVersion":"42.0","maxVersion":"42.0"}],"targetPlatforms":[]}
1451484870869	addons.xpi	DEBUG	getModTime: Recursive scan of {972ce4c6-7e08-4474-a285-3208198ce6fd}
1451484870873	addons.xpi	DEBUG	Updating database with changes to installed add-ons
1451484870873	addons.xpi-utils	DEBUG	Updating add-on states
1451484870875	addons.xpi-utils	DEBUG	Writing add-ons list
1451484870903	addons.manager	DEBUG	Registering shutdown blocker for XPIProvider
1451484870904	addons.manager	DEBUG	Provider finished startup: XPIProvider
1451484870904	addons.manager	DEBUG	Starting provider: LightweightThemeManager
1451484870905	addons.manager	DEBUG	Registering shutdown blocker for LightweightThemeManager
1451484870905	addons.manager	DEBUG	Provider finished startup: LightweightThemeManager
1451484870907	addons.manager	DEBUG	Starting provider: GMPProvider
1451484870923	addons.manager	DEBUG	Registering shutdown blocker for GMPProvider
1451484870924	addons.manager	DEBUG	Provider finished startup: GMPProvider
1451484870924	addons.manager	DEBUG	Starting provider: PluginProvider
1451484870924	addons.manager	DEBUG	Registering shutdown blocker for PluginProvider
1451484870925	addons.manager	DEBUG	Provider finished startup: PluginProvider
1451484870926	addons.manager	DEBUG	Completed startup sequence
1451484873361	addons.manager	DEBUG	Starting provider: <unnamed-provider>
1451484873361	addons.manager	DEBUG	Registering shutdown blocker for <unnamed-provider>
1451484873361	addons.manager	DEBUG	Provider finished startup: <unnamed-provider>
1451484875530	DeferredSave.extensions.json	DEBUG	Starting write
1451484875810	addons.repository	DEBUG	No addons.json found.
1451484875811	DeferredSave.addons.json	DEBUG	Save changes
1451484875813	DeferredSave.addons.json	DEBUG	Starting timer
1451484875827	addons.manager	DEBUG	Starting provider: PreviousExperimentProvider
1451484875827	addons.manager	DEBUG	Registering shutdown blocker for PreviousExperimentProvider
1451484875827	addons.manager	DEBUG	Provider finished startup: PreviousExperimentProvider
1451484875830	DeferredSave.extensions.json	DEBUG	Write succeeded
1451484875830	addons.xpi-utils	DEBUG	XPI Database saved, setting schema version preference to 17

	at org.openqa.selenium.firefox.internal.NewProfileExtensionConnection.start(NewProfileExtensionConnection.java:123)
	... 33 more
... Removed 26 stack frames]]>
    </failure>
  </testcase> <!-- @BeforeMethod beforeMethod -->
  <testcase name="@AfterMethod afterMethod" time="0.0" classname="Framework.TC_PageObject">
    <skipped/>
  </testcase> <!-- @AfterMethod afterMethod -->
  <testcase name="TestTriangleApp_TC" time="0.001" classname="Framework.TC_PageObject">
    <skipped/>
  </testcase> <!-- TestTriangleApp_TC -->
</testsuite> <!-- FirefoxTest -->
