<?xml version="1.0" encoding="UTF-8"?>
<testng-results skipped="0" failed="0" total="1" passed="1">
  <reporter-output>
    <line>
      <![CDATA[SignUp Action Successfully Performed]]>
    </line>
  </reporter-output>
  <suite name="Suite1" duration-ms="39001" started-at="2016-01-24T09:08:26Z" finished-at="2016-01-24T09:09:05Z">
    <groups>
    </groups>
    <test name="FirfoxTest" duration-ms="39001" started-at="2016-01-24T09:08:26Z" finished-at="2016-01-24T09:09:05Z">
      <class name="Framework.TC_PageObject">
        <test-method status="PASS" signature="beforeMethod(java.lang.String)[pri:0, instance:Framework.TC_PageObject@3d16e9d8]" name="beforeMethod" is-config="true" duration-ms="30368" started-at="2016-01-24T09:08:26Z" finished-at="2016-01-24T09:08:57Z">
          <params>
            <param index="0">
              <value>
                <![CDATA[Chrome]]>
              </value>
            </param>
          </params>
          <reporter-output>
          </reporter-output>
        </test-method> <!-- beforeMethod -->
        <test-method status="PASS" signature="TestTriangleApp_TC()[pri:0, instance:Framework.TC_PageObject@3d16e9d8]" name="TestTriangleApp_TC" duration-ms="4061" started-at="2016-01-24T09:08:57Z" finished-at="2016-01-24T09:09:01Z">
          <reporter-output>
            <line>
              <![CDATA[SignUp Action Successfully Performed]]>
            </line>
          </reporter-output>
        </test-method> <!-- TestTriangleApp_TC -->
        <test-method status="PASS" signature="afterMethod()[pri:0, instance:Framework.TC_PageObject@3d16e9d8]" name="afterMethod" is-config="true" duration-ms="4552" started-at="2016-01-24T09:09:01Z" finished-at="2016-01-24T09:09:05Z">
          <reporter-output>
          </reporter-output>
        </test-method> <!-- afterMethod -->
      </class> <!-- Framework.TC_PageObject -->
    </test> <!-- FirfoxTest -->
  </suite> <!-- Suite1 -->
</testng-results>
